# JRE version: OpenJDK Runtime Environment (17.0.6) (build 17.0.6+0-b2043.56-10027231)
# Java VM: OpenJDK 64-Bit Server VM (17.0.6+0-b2043.56-10027231, mixed mode, tiered, compressed oops, compressed class ptrs, g1 gc, windows-amd64)
GC Precious Log:
 CPUs: 4 total, 4 available
 Memory: 16267M
 Large Page Support: Disabled
 NUMA Support: Disabled
 Compressed Oops: Enabled (32-bit)
 Heap Region Size: 1M
 Heap Min Capacity: 8M
 Heap Initial Capacity: 256M
 Heap Max Capacity: 2G
 Pre-touch: Disabled
 Parallel Workers: 4
 Concurrent Workers: 1
 Concurrent Refinement Workers: 4
 Periodic GC: Disabled
Heap:
 garbage-first heap   total 266240K, used 159171K [0x0000000080000000, 0x0000000100000000)
  region size 1024K, 11 young (11264K), 2 survivors (2048K)
 Metaspace       used 100526K, committed 101440K, reserved 1138688K
  class space    used 13417K, committed 13888K, reserved 1048576K
GC Heap History (20 events):
Event: 45.058 GC heap before
{Heap before GC invocations=50 (full 0):
 garbage-first heap   total 206848K, used 160368K [0x0000000080000000, 0x0000000100000000)
  region size 1024K, 35 young (35840K), 1 survivors (1024K)
 Metaspace       used 84818K, committed 85440K, reserved 1130496K
  class space    used 11418K, committed 11712K, reserved 1048576K
}
Event: 45.062 GC heap after
{Heap after GC invocations=51 (full 0):
 garbage-first heap   total 206848K, used 127247K [0x0000000080000000, 0x0000000100000000)
  region size 1024K, 3 young (3072K), 3 survivors (3072K)
 Metaspace       used 84818K, committed 85440K, reserved 1130496K
  class space    used 11418K, committed 11712K, reserved 1048576K
}
Event: 45.871 GC heap before
{Heap before GC invocations=51 (full 0):
 garbage-first heap   total 206848K, used 163087K [0x0000000080000000, 0x0000000100000000)
  region size 1024K, 38 young (38912K), 3 survivors (3072K)
 Metaspace       used 90228K, committed 90944K, reserved 1130496K
  class space    used 12245K, committed 12544K, reserved 1048576K
}
Event: 45.876 GC heap after
{Heap after GC invocations=52 (full 0):
 garbage-first heap   total 206848K, used 129703K [0x0000000080000000, 0x0000000100000000)
  region size 1024K, 5 young (5120K), 5 survivors (5120K)
 Metaspace       used 90228K, committed 90944K, reserved 1130496K
  class space    used 12245K, committed 12544K, reserved 1048576K
}
Event: 46.962 GC heap before
{Heap before GC invocations=52 (full 0):
 garbage-first heap   total 206848K, used 166567K [0x0000000080000000, 0x0000000100000000)
  region size 1024K, 40 young (40960K), 5 survivors (5120K)
 Metaspace       used 94311K, committed 95040K, reserved 1138688K
  class space    used 12666K, committed 12992K, reserved 1048576K
}
Event: 46.971 GC heap after
{Heap after GC invocations=53 (full 0):
 garbage-first heap   total 206848K, used 133120K [0x0000000080000000, 0x0000000100000000)
  region size 1024K, 5 young (5120K), 5 survivors (5120K)
 Metaspace       used 94311K, committed 95040K, reserved 1138688K
  class space    used 12666K, committed 12992K, reserved 1048576K
}
Event: 47.388 GC heap before
{Heap before GC invocations=53 (full 0):
 garbage-first heap   total 206848K, used 167936K [0x0000000080000000, 0x0000000100000000)
  region size 1024K, 40 young (40960K), 5 survivors (5120K)
 Metaspace       used 94641K, committed 95424K, reserved 1138688K
  class space    used 12692K, committed 13056K, reserved 1048576K
}
Event: 47.396 GC heap after
{Heap after GC invocations=54 (full 0):
 garbage-first heap   total 206848K, used 137673K [0x0000000080000000, 0x0000000100000000)
  region size 1024K, 5 young (5120K), 5 survivors (5120K)
 Metaspace       used 94641K, committed 95424K, reserved 1138688K
  class space    used 12692K, committed 13056K, reserved 1048576K
}
Event: 47.746 GC heap before
{Heap before GC invocations=54 (full 0):
 garbage-first heap   total 206848K, used 169417K [0x0000000080000000, 0x0000000100000000)
  region size 1024K, 37 young (37888K), 5 survivors (5120K)
 Metaspace       used 95137K, committed 95872K, reserved 1138688K
  class space    used 12730K, committed 13056K, reserved 1048576K
}
Event: 47.750 GC heap after
{Heap after GC invocations=55 (full 0):
 garbage-first heap   total 206848K, used 139898K [0x0000000080000000, 0x0000000100000000)
  region size 1024K, 3 young (3072K), 3 survivors (3072K)
 Metaspace       used 95137K, committed 95872K, reserved 1138688K
  class space    used 12730K, committed 13056K, reserved 1048576K
}
Event: 48.208 GC heap before
{Heap before GC invocations=55 (full 0):
 garbage-first heap   total 206848K, used 171642K [0x0000000080000000, 0x0000000100000000)
  region size 1024K, 35 young (35840K), 3 survivors (3072K)
 Metaspace       used 96049K, committed 96832K, reserved 1138688K
  class space    used 12821K, committed 13184K, reserved 1048576K
}
Event: 48.214 GC heap after
{Heap after GC invocations=56 (full 0):
 garbage-first heap   total 206848K, used 143360K [0x0000000080000000, 0x0000000100000000)
  region size 1024K, 5 young (5120K), 5 survivors (5120K)
 Metaspace       used 96049K, committed 96832K, reserved 1138688K
  class space    used 12821K, committed 13184K, reserved 1048576K
}
Event: 48.472 GC heap before
{Heap before GC invocations=56 (full 0):
 garbage-first heap   total 206848K, used 174080K [0x0000000080000000, 0x0000000100000000)
  region size 1024K, 35 young (35840K), 5 survivors (5120K)
 Metaspace       used 96877K, committed 97664K, reserved 1138688K
  class space    used 12924K, committed 13312K, reserved 1048576K
}
Event: 48.480 GC heap after
{Heap after GC invocations=57 (full 0):
 garbage-first heap   total 206848K, used 146074K [0x0000000080000000, 0x0000000100000000)
  region size 1024K, 3 young (3072K), 3 survivors (3072K)
 Metaspace       used 96877K, committed 97664K, reserved 1138688K
  class space    used 12924K, committed 13312K, reserved 1048576K
}
Event: 48.918 GC heap before
{Heap before GC invocations=57 (full 0):
 garbage-first heap   total 206848K, used 175770K [0x0000000080000000, 0x0000000100000000)
  region size 1024K, 32 young (32768K), 3 survivors (3072K)
 Metaspace       used 98346K, committed 99200K, reserved 1138688K
  class space    used 13108K, committed 13504K, reserved 1048576K
}
Event: 48.924 GC heap after
{Heap after GC invocations=58 (full 0):
 garbage-first heap   total 206848K, used 147864K [0x0000000080000000, 0x0000000100000000)
  region size 1024K, 4 young (4096K), 4 survivors (4096K)
 Metaspace       used 98346K, committed 99200K, reserved 1138688K
  class space    used 13108K, committed 13504K, reserved 1048576K
}
Event: 157.360 GC heap before
{Heap before GC invocations=59 (full 0):
 garbage-first heap   total 266240K, used 171416K [0x0000000080000000, 0x0000000100000000)
  region size 1024K, 28 young (28672K), 4 survivors (4096K)
 Metaspace       used 100308K, committed 101248K, reserved 1138688K
  class space    used 13386K, committed 13824K, reserved 1048576K
}
Event: 157.367 GC heap after
{Heap after GC invocations=60 (full 0):
 garbage-first heap   total 266240K, used 149960K [0x0000000080000000, 0x0000000100000000)
  region size 1024K, 4 young (4096K), 4 survivors (4096K)
 Metaspace       used 100308K, committed 101248K, reserved 1138688K
  class space    used 13386K, committed 13824K, reserved 1048576K
}
Event: 235.391 GC heap before
{Heap before GC invocations=60 (full 0):
 garbage-first heap   total 266240K, used 159176K [0x0000000080000000, 0x0000000100000000)
  region size 1024K, 13 young (13312K), 4 survivors (4096K)
 Metaspace       used 100514K, committed 101440K, reserved 1138688K
  class space    used 13417K, committed 13888K, reserved 1048576K
}
Event: 235.409 GC heap after
{Heap after GC invocations=61 (full 0):
 garbage-first heap   total 266240K, used 150979K [0x0000000080000000, 0x0000000100000000)
  region size 1024K, 2 young (2048K), 2 survivors (2048K)
 Metaspace       used 100514K, committed 101440K, reserved 1138688K
  class space    used 13417K, committed 13888K, reserved 1048576K
}

